http://localhost:8080/api/test-api //from browser

DEBUG [2021-05-25 02:03:34,545] org.eclipse.jetty.io.ManagedSelector: Queued change lazy=false Accept@7d0bf3b6[java.nio.channels.SocketChannel[connected local=/0:0:0:0:0:0:0:1:8080 remote=/0:0:0:0:0:0:0:1:59519]] on ManagedSelector@6c806c8b{STARTED} id=3 keys=0 selected=0 updates=0
DEBUG [2021-05-25 02:03:34,545] org.eclipse.jetty.io.ManagedSelector: Wakeup on submit ManagedSelector@6c806c8b{STARTED} id=3 keys=0 selected=0 updates=1
DEBUG [2021-05-25 02:03:34,546] org.eclipse.jetty.io.ManagedSelector: Selector sun.nio.ch.WindowsSelectorImpl@7a36ee2e woken with none selected
DEBUG [2021-05-25 02:03:34,546] org.eclipse.jetty.io.ManagedSelector: Selector sun.nio.ch.WindowsSelectorImpl@7a36ee2e woken up from select, 0/0/0 selected
DEBUG [2021-05-25 02:03:34,546] org.eclipse.jetty.io.ManagedSelector: Selector sun.nio.ch.WindowsSelectorImpl@7a36ee2e processing 0 keys, 1 updates
DEBUG [2021-05-25 02:03:34,546] org.eclipse.jetty.io.ManagedSelector: updateable 1
DEBUG [2021-05-25 02:03:34,546] org.eclipse.jetty.io.ManagedSelector: update Accept@7d0bf3b6[java.nio.channels.SocketChannel[connected local=/0:0:0:0:0:0:0:1:8080 remote=/0:0:0:0:0:0:0:1:59519]]
DEBUG [2021-05-25 02:03:34,546] org.eclipse.jetty.util.thread.QueuedThreadPool: queue Accept@7d0bf3b6[java.nio.channels.SocketChannel[connected local=/0:0:0:0:0:0:0:1:8080 remote=/0:0:0:0:0:0:0:1:59519]] startThread=0
DEBUG [2021-05-25 02:03:34,546] org.eclipse.jetty.io.ManagedSelector: updates 0
DEBUG [2021-05-25 02:03:34,546] org.eclipse.jetty.io.ManagedSelector: Selector sun.nio.ch.WindowsSelectorImpl@7a36ee2e waiting with 1 keys
DEBUG [2021-05-25 02:03:34,546] org.eclipse.jetty.io.ManagedSelector: Queued change lazy=false Accept@38097273[java.nio.channels.SocketChannel[connected local=/0:0:0:0:0:0:0:1:8080 remote=/0:0:0:0:0:0:0:1:59520]] on ManagedSelector@71d8cfe7{STARTED} id=4 keys=0 selected=0 updates=0
DEBUG [2021-05-25 02:03:34,546] org.eclipse.jetty.util.thread.QueuedThreadPool: run Accept@7d0bf3b6[java.nio.channels.SocketChannel[connected local=/0:0:0:0:0:0:0:1:8080 remote=/0:0:0:0:0:0:0:1:59519]] in InstrumentedQueuedThreadPool[dw]@287f94b1{STARTED,8<=8<=1024,i=0,r=-1,q=0}[ReservedThreadExecutor@54336c81{s=0/12,p=0}]
DEBUG [2021-05-25 02:03:34,546] org.eclipse.jetty.io.ManagedSelector: Wakeup on submit ManagedSelector@71d8cfe7{STARTED} id=4 keys=0 selected=0 updates=1
DEBUG [2021-05-25 02:03:34,546] org.eclipse.jetty.io.IdleTimeout: SocketChannelEndPoint@23747f26{l=/0:0:0:0:0:0:0:1:8080,r=/0:0:0:0:0:0:0:1:59519,OPEN,fill=-,flush=-,to=0/30000}{io=0/0,kio=0,kro=0}-><null> idle timeout check, elapsed: 0 ms, remaining: 30000 ms
DEBUG [2021-05-25 02:03:34,546] org.eclipse.jetty.io.ManagedSelector: Selector sun.nio.ch.WindowsSelectorImpl@9f025af woken with none selected
DEBUG [2021-05-25 02:03:34,546] org.eclipse.jetty.io.ManagedSelector: Selector sun.nio.ch.WindowsSelectorImpl@9f025af woken up from select, 0/0/0 selected
DEBUG [2021-05-25 02:03:34,546] org.eclipse.jetty.io.ManagedSelector: Selector sun.nio.ch.WindowsSelectorImpl@9f025af processing 0 keys, 1 updates
DEBUG [2021-05-25 02:03:34,546] org.eclipse.jetty.io.ManagedSelector: updateable 1
DEBUG [2021-05-25 02:03:34,546] org.eclipse.jetty.server.HttpChannel: new HttpChannelOverHttp@4aad1eae{s=HttpChannelState@5990abc5{s=IDLE rs=BLOCKING os=OPEN is=IDLE awp=false se=false i=true al=0},r=0,c=false/false,a=IDLE,uri=null,age=0} -> SocketChannelEndPoint@23747f26{l=/0:0:0:0:0:0:0:1:8080,r=/0:0:0:0:0:0:0:1:59519,OPEN,fill=-,flush=-,to=0/30000}{io=0/0,kio=0,kro=0}-><null>,null,HttpChannelState@5990abc5{s=IDLE rs=BLOCKING os=OPEN is=IDLE awp=false se=false i=true al=0}
DEBUG [2021-05-25 02:03:34,547] org.eclipse.jetty.io.ManagedSelector: update Accept@38097273[java.nio.channels.SocketChannel[connected local=/0:0:0:0:0:0:0:1:8080 remote=/0:0:0:0:0:0:0:1:59520]]
DEBUG [2021-05-25 02:03:34,547] org.eclipse.jetty.util.thread.QueuedThreadPool: queue Accept@38097273[java.nio.channels.SocketChannel[connected local=/0:0:0:0:0:0:0:1:8080 remote=/0:0:0:0:0:0:0:1:59520]] startThread=1
DEBUG [2021-05-25 02:03:34,547] org.eclipse.jetty.server.HttpConnection: New HTTP Connection HttpConnection@eab8a59::SocketChannelEndPoint@23747f26{l=/0:0:0:0:0:0:0:1:8080,r=/0:0:0:0:0:0:0:1:59519,OPEN,fill=-,flush=-,to=0/30000}{io=0/0,kio=0,kro=0}-><null>
DEBUG [2021-05-25 02:03:34,547] org.eclipse.jetty.util.thread.QueuedThreadPool: Starting Thread[dw-32,5,main]
DEBUG [2021-05-25 02:03:34,547] org.eclipse.jetty.io.ManagedSelector: Queued change lazy=true org.eclipse.jetty.io.ManagedSelector$$Lambda$319/33866433@ea649e5 on ManagedSelector@6c806c8b{STARTED} id=3 keys=1 selected=0 updates=0
DEBUG [2021-05-25 02:03:34,547] org.eclipse.jetty.io.ManagedSelector: updates 0
DEBUG [2021-05-25 02:03:34,547] org.eclipse.jetty.io.AbstractEndPoint: onOpen SocketChannelEndPoint@23747f26{l=/0:0:0:0:0:0:0:1:8080,r=/0:0:0:0:0:0:0:1:59519,OPEN,fill=-,flush=-,to=0/30000}{io=0/0,kio=0,kro=0}->HttpConnection@eab8a59[p=HttpParser{s=START,0 of -1},g=HttpGenerator@2c5c6ef1{s=START}]=>HttpChannelOverHttp@4aad1eae{s=HttpChannelState@5990abc5{s=IDLE rs=BLOCKING os=OPEN is=IDLE awp=false se=false i=true al=0},r=0,c=false/false,a=IDLE,uri=null,age=0}
DEBUG [2021-05-25 02:03:34,547] org.eclipse.jetty.io.ManagedSelector: Selector sun.nio.ch.WindowsSelectorImpl@9f025af waiting with 1 keys
DEBUG [2021-05-25 02:03:34,547] org.eclipse.jetty.io.AbstractConnection: onOpen HttpConnection@eab8a59::SocketChannelEndPoint@23747f26{l=/0:0:0:0:0:0:0:1:8080,r=/0:0:0:0:0:0:0:1:59519,OPEN,fill=-,flush=-,to=0/30000}{io=0/0,kio=0,kro=0}->HttpConnection@eab8a59[p=HttpParser{s=START,0 of -1},g=HttpGenerator@2c5c6ef1{s=START}]=>HttpChannelOverHttp@4aad1eae{s=HttpChannelState@5990abc5{s=IDLE rs=BLOCKING os=OPEN is=IDLE awp=false se=false i=true al=0},r=0,c=false/false,a=IDLE,uri=null,age=0}
DEBUG [2021-05-25 02:03:34,547] org.eclipse.jetty.io.AbstractConnection: fillInterested HttpConnection@eab8a59::SocketChannelEndPoint@23747f26{l=/0:0:0:0:0:0:0:1:8080,r=/0:0:0:0:0:0:0:1:59519,OPEN,fill=-,flush=-,to=1/30000}{io=0/0,kio=0,kro=0}->HttpConnection@eab8a59[p=HttpParser{s=START,0 of -1},g=HttpGenerator@2c5c6ef1{s=START}]=>HttpChannelOverHttp@4aad1eae{s=HttpChannelState@5990abc5{s=IDLE rs=BLOCKING os=OPEN is=IDLE awp=false se=false i=true al=0},r=0,c=false/false,a=IDLE,uri=null,age=0}
DEBUG [2021-05-25 02:03:34,547] org.eclipse.jetty.util.thread.QueuedThreadPool: Runner started for InstrumentedQueuedThreadPool[dw]@287f94b1{STARTED,8<=9<=1024,i=0,r=-1,q=0}[ReservedThreadExecutor@54336c81{s=0/12,p=0}]
DEBUG [2021-05-25 02:03:34,547] org.eclipse.jetty.util.thread.QueuedThreadPool: run Accept@38097273[java.nio.channels.SocketChannel[connected local=/0:0:0:0:0:0:0:1:8080 remote=/0:0:0:0:0:0:0:1:59520]] in InstrumentedQueuedThreadPool[dw]@287f94b1{STARTED,8<=9<=1024,i=0,r=-1,q=0}[ReservedThreadExecutor@54336c81{s=0/12,p=0}]
DEBUG [2021-05-25 02:03:34,547] org.eclipse.jetty.io.FillInterest: interested FillInterest@704e263c{AC.ReadCB@eab8a59{HttpConnection@eab8a59::SocketChannelEndPoint@23747f26{l=/0:0:0:0:0:0:0:1:8080,r=/0:0:0:0:0:0:0:1:59519,OPEN,fill=FI,flush=-,to=0/30000}{io=0/0,kio=0,kro=0}->HttpConnection@eab8a59[p=HttpParser{s=START,0 of -1},g=HttpGenerator@2c5c6ef1{s=START}]=>HttpChannelOverHttp@4aad1eae{s=HttpChannelState@5990abc5{s=IDLE rs=BLOCKING os=OPEN is=IDLE awp=false se=false i=true al=0},r=0,c=false/false,a=IDLE,uri=null,age=0}}}
DEBUG [2021-05-25 02:03:34,547] org.eclipse.jetty.io.IdleTimeout: SocketChannelEndPoint@7d02c098{l=/0:0:0:0:0:0:0:1:8080,r=/0:0:0:0:0:0:0:1:59520,OPEN,fill=-,flush=-,to=0/30000}{io=0/0,kio=0,kro=0}-><null> idle timeout check, elapsed: 0 ms, remaining: 30000 ms
DEBUG [2021-05-25 02:03:34,548] org.eclipse.jetty.io.ChannelEndPoint: changeInterests p=false 0->1 for SocketChannelEndPoint@23747f26{l=/0:0:0:0:0:0:0:1:8080,r=/0:0:0:0:0:0:0:1:59519,OPEN,fill=FI,flush=-,to=0/30000}{io=0/1,kio=0,kro=0}->HttpConnection@eab8a59[p=HttpParser{s=START,0 of -1},g=HttpGenerator@2c5c6ef1{s=START}]=>HttpChannelOverHttp@4aad1eae{s=HttpChannelState@5990abc5{s=IDLE rs=BLOCKING os=OPEN is=IDLE awp=false se=false i=true al=0},r=0,c=false/false,a=IDLE,uri=null,age=0}
DEBUG [2021-05-25 02:03:34,548] org.eclipse.jetty.io.ManagedSelector: Queued change lazy=false org.eclipse.jetty.io.ChannelEndPoint$$Lambda$313/141899636@22e5832e on ManagedSelector@6c806c8b{STARTED} id=3 keys=1 selected=0 updates=1
DEBUG [2021-05-25 02:03:34,548] org.eclipse.jetty.io.ManagedSelector: Wakeup on submit ManagedSelector@6c806c8b{STARTED} id=3 keys=1 selected=0 updates=2
DEBUG [2021-05-25 02:03:34,548] org.eclipse.jetty.server.HttpChannel: new HttpChannelOverHttp@73c52148{s=HttpChannelState@77faabe8{s=IDLE rs=BLOCKING os=OPEN is=IDLE awp=false se=false i=true al=0},r=0,c=false/false,a=IDLE,uri=null,age=0} -> SocketChannelEndPoint@7d02c098{l=/0:0:0:0:0:0:0:1:8080,r=/0:0:0:0:0:0:0:1:59520,OPEN,fill=-,flush=-,to=0/30000}{io=0/0,kio=0,kro=0}-><null>,null,HttpChannelState@77faabe8{s=IDLE rs=BLOCKING os=OPEN is=IDLE awp=false se=false i=true al=0}
DEBUG [2021-05-25 02:03:34,548] org.eclipse.jetty.server.HttpConnection: New HTTP Connection HttpConnection@32f82b73::SocketChannelEndPoint@7d02c098{l=/0:0:0:0:0:0:0:1:8080,r=/0:0:0:0:0:0:0:1:59520,OPEN,fill=-,flush=-,to=0/30000}{io=0/0,kio=0,kro=0}-><null>
DEBUG [2021-05-25 02:03:34,548] org.eclipse.jetty.io.ManagedSelector: Queued change lazy=true org.eclipse.jetty.io.ManagedSelector$$Lambda$319/33866433@59152bb4 on ManagedSelector@71d8cfe7{STARTED} id=4 keys=1 selected=0 updates=0
DEBUG [2021-05-25 02:03:34,548] org.eclipse.jetty.io.ManagedSelector: Selector sun.nio.ch.WindowsSelectorImpl@7a36ee2e woken with none selected
DEBUG [2021-05-25 02:03:34,548] org.eclipse.jetty.io.ManagedSelector: Selector sun.nio.ch.WindowsSelectorImpl@7a36ee2e woken up from select, 0/0/1 selected
DEBUG [2021-05-25 02:03:34,548] org.eclipse.jetty.io.AbstractEndPoint: onOpen SocketChannelEndPoint@7d02c098{l=/0:0:0:0:0:0:0:1:8080,r=/0:0:0:0:0:0:0:1:59520,OPEN,fill=-,flush=-,to=0/30000}{io=0/0,kio=0,kro=0}->HttpConnection@32f82b73[p=HttpParser{s=START,0 of -1},g=HttpGenerator@3809ebf{s=START}]=>HttpChannelOverHttp@73c52148{s=HttpChannelState@77faabe8{s=IDLE rs=BLOCKING os=OPEN is=IDLE awp=false se=false i=true al=0},r=0,c=false/false,a=IDLE,uri=null,age=0}
DEBUG [2021-05-25 02:03:34,548] org.eclipse.jetty.io.ManagedSelector: Selector sun.nio.ch.WindowsSelectorImpl@7a36ee2e processing 0 keys, 2 updates
DEBUG [2021-05-25 02:03:34,548] org.eclipse.jetty.io.ManagedSelector: updateable 2
DEBUG [2021-05-25 02:03:34,548] org.eclipse.jetty.io.ManagedSelector: Created SocketChannelEndPoint@23747f26{l=/0:0:0:0:0:0:0:1:8080,r=/0:0:0:0:0:0:0:1:59519,OPEN,fill=FI,flush=-,to=0/30000}{io=0/1,kio=0,kro=0}->HttpConnection@eab8a59[p=HttpParser{s=START,0 of -1},g=HttpGenerator@2c5c6ef1{s=START}]=>HttpChannelOverHttp@4aad1eae{s=HttpChannelState@5990abc5{s=IDLE rs=BLOCKING os=OPEN is=IDLE awp=false se=false i=true al=0},r=0,c=false/false,a=IDLE,uri=null,age=0}
DEBUG [2021-05-25 02:03:34,548] org.eclipse.jetty.io.ManagedSelector: update org.eclipse.jetty.io.ManagedSelector$$Lambda$319/33866433@ea649e5
DEBUG [2021-05-25 02:03:34,548] org.eclipse.jetty.io.ManagedSelector: update org.eclipse.jetty.io.ChannelEndPoint$$Lambda$313/141899636@22e5832e
DEBUG [2021-05-25 02:03:34,548] org.eclipse.jetty.io.AbstractConnection: onOpen HttpConnection@32f82b73::SocketChannelEndPoint@7d02c098{l=/0:0:0:0:0:0:0:1:8080,r=/0:0:0:0:0:0:0:1:59520,OPEN,fill=-,flush=-,to=0/30000}{io=0/0,kio=0,kro=0}->HttpConnection@32f82b73[p=HttpParser{s=START,0 of -1},g=HttpGenerator@3809ebf{s=START}]=>HttpChannelOverHttp@73c52148{s=HttpChannelState@77faabe8{s=IDLE rs=BLOCKING os=OPEN is=IDLE awp=false se=false i=true al=0},r=0,c=false/false,a=IDLE,uri=null,age=0}
DEBUG [2021-05-25 02:03:34,548] org.eclipse.jetty.util.thread.QueuedThreadPool: ran Accept@7d0bf3b6[java.nio.channels.SocketChannel[connected local=/0:0:0:0:0:0:0:1:8080 remote=/0:0:0:0:0:0:0:1:59519]] in InstrumentedQueuedThreadPool[dw]@287f94b1{STARTED,8<=9<=1024,i=0,r=-1,q=0}[ReservedThreadExecutor@54336c81{s=0/12,p=0}]
DEBUG [2021-05-25 02:03:34,548] org.eclipse.jetty.io.AbstractConnection: fillInterested HttpConnection@32f82b73::SocketChannelEndPoint@7d02c098{l=/0:0:0:0:0:0:0:1:8080,r=/0:0:0:0:0:0:0:1:59520,OPEN,fill=-,flush=-,to=0/30000}{io=0/0,kio=0,kro=0}->HttpConnection@32f82b73[p=HttpParser{s=START,0 of -1},g=HttpGenerator@3809ebf{s=START}]=>HttpChannelOverHttp@73c52148{s=HttpChannelState@77faabe8{s=IDLE rs=BLOCKING os=OPEN is=IDLE awp=false se=false i=true al=0},r=0,c=false/false,a=IDLE,uri=null,age=0}
DEBUG [2021-05-25 02:03:34,548] org.eclipse.jetty.io.ChannelEndPoint: Key interests updated 0 -> 1 on SocketChannelEndPoint@23747f26{l=/0:0:0:0:0:0:0:1:8080,r=/0:0:0:0:0:0:0:1:59519,OPEN,fill=FI,flush=-,to=0/30000}{io=1/1,kio=1,kro=0}->HttpConnection@eab8a59[p=HttpParser{s=START,0 of -1},g=HttpGenerator@2c5c6ef1{s=START}]=>HttpChannelOverHttp@4aad1eae{s=HttpChannelState@5990abc5{s=IDLE rs=BLOCKING os=OPEN is=IDLE awp=false se=false i=true al=0},r=0,c=false/false,a=IDLE,uri=null,age=0}
DEBUG [2021-05-25 02:03:34,548] org.eclipse.jetty.io.ManagedSelector: updates 0
DEBUG [2021-05-25 02:03:34,548] org.eclipse.jetty.io.ManagedSelector: Selector sun.nio.ch.WindowsSelectorImpl@7a36ee2e waiting with 1 keys
DEBUG [2021-05-25 02:03:34,548] org.eclipse.jetty.io.ManagedSelector: Selector sun.nio.ch.WindowsSelectorImpl@7a36ee2e woken up from select, 1/1/1 selected
DEBUG [2021-05-25 02:03:34,548] org.eclipse.jetty.io.ManagedSelector: Selector sun.nio.ch.WindowsSelectorImpl@7a36ee2e processing 1 keys, 0 updates
DEBUG [2021-05-25 02:03:34,548] org.eclipse.jetty.io.FillInterest: interested FillInterest@2187c0cc{AC.ReadCB@32f82b73{HttpConnection@32f82b73::SocketChannelEndPoint@7d02c098{l=/0:0:0:0:0:0:0:1:8080,r=/0:0:0:0:0:0:0:1:59520,OPEN,fill=FI,flush=-,to=0/30000}{io=0/0,kio=0,kro=0}->HttpConnection@32f82b73[p=HttpParser{s=START,0 of -1},g=HttpGenerator@3809ebf{s=START}]=>HttpChannelOverHttp@73c52148{s=HttpChannelState@77faabe8{s=IDLE rs=BLOCKING os=OPEN is=IDLE awp=false se=false i=true al=0},r=0,c=false/false,a=IDLE,uri=null,age=0}}}
DEBUG [2021-05-25 02:03:34,548] org.eclipse.jetty.io.ChannelEndPoint: changeInterests p=false 0->1 for SocketChannelEndPoint@7d02c098{l=/0:0:0:0:0:0:0:1:8080,r=/0:0:0:0:0:0:0:1:59520,OPEN,fill=FI,flush=-,to=0/30000}{io=0/1,kio=0,kro=0}->HttpConnection@32f82b73[p=HttpParser{s=START,0 of -1},g=HttpGenerator@3809ebf{s=START}]=>HttpChannelOverHttp@73c52148{s=HttpChannelState@77faabe8{s=IDLE rs=BLOCKING os=OPEN is=IDLE awp=false se=false i=true al=0},r=0,c=false/false,a=IDLE,uri=null,age=0}
DEBUG [2021-05-25 02:03:34,548] org.eclipse.jetty.io.ManagedSelector: Queued change lazy=false org.eclipse.jetty.io.ChannelEndPoint$$Lambda$313/141899636@52d7d43c on ManagedSelector@71d8cfe7{STARTED} id=4 keys=1 selected=0 updates=1
DEBUG [2021-05-25 02:03:34,548] org.eclipse.jetty.io.ManagedSelector: selected 1 sun.nio.ch.SelectionKeyImpl@74f11f18 SocketChannelEndPoint@23747f26{l=/0:0:0:0:0:0:0:1:8080,r=/0:0:0:0:0:0:0:1:59519,OPEN,fill=FI,flush=-,to=0/30000}{io=1/1,kio=1,kro=1}->HttpConnection@eab8a59[p=HttpParser{s=START,0 of -1},g=HttpGenerator@2c5c6ef1{s=START}]=>HttpChannelOverHttp@4aad1eae{s=HttpChannelState@5990abc5{s=IDLE rs=BLOCKING os=OPEN is=IDLE awp=false se=false i=true al=0},r=0,c=false/false,a=IDLE,uri=null,age=0}
DEBUG [2021-05-25 02:03:34,548] org.eclipse.jetty.io.ManagedSelector: Wakeup on submit ManagedSelector@71d8cfe7{STARTED} id=4 keys=1 selected=0 updates=2
DEBUG [2021-05-25 02:03:34,548] org.eclipse.jetty.io.ChannelEndPoint: onSelected 1->0 r=true w=false for SocketChannelEndPoint@23747f26{l=/0:0:0:0:0:0:0:1:8080,r=/0:0:0:0:0:0:0:1:59519,OPEN,fill=FI,flush=-,to=0/30000}{io=1/0,kio=1,kro=1}->HttpConnection@eab8a59[p=HttpParser{s=START,0 of -1},g=HttpGenerator@2c5c6ef1{s=START}]=>HttpChannelOverHttp@4aad1eae{s=HttpChannelState@5990abc5{s=IDLE rs=BLOCKING os=OPEN is=IDLE awp=false se=false i=true al=0},r=0,c=false/false,a=IDLE,uri=null,age=0}
DEBUG [2021-05-25 02:03:34,548] org.eclipse.jetty.io.ManagedSelector: Selector sun.nio.ch.WindowsSelectorImpl@9f025af woken with none selected
DEBUG [2021-05-25 02:03:34,548] org.eclipse.jetty.io.ManagedSelector: Selector sun.nio.ch.WindowsSelectorImpl@9f025af woken up from select, 0/0/1 selected
DEBUG [2021-05-25 02:03:34,548] org.eclipse.jetty.io.ManagedSelector: Selector sun.nio.ch.WindowsSelectorImpl@9f025af processing 0 keys, 2 updates
DEBUG [2021-05-25 02:03:34,548] org.eclipse.jetty.io.ManagedSelector: updateable 2
DEBUG [2021-05-25 02:03:34,548] org.eclipse.jetty.io.ManagedSelector: Created SocketChannelEndPoint@7d02c098{l=/0:0:0:0:0:0:0:1:8080,r=/0:0:0:0:0:0:0:1:59520,OPEN,fill=FI,flush=-,to=0/30000}{io=0/1,kio=0,kro=0}->HttpConnection@32f82b73[p=HttpParser{s=START,0 of -1},g=HttpGenerator@3809ebf{s=START}]=>HttpChannelOverHttp@73c52148{s=HttpChannelState@77faabe8{s=IDLE rs=BLOCKING os=OPEN is=IDLE awp=false se=false i=true al=0},r=0,c=false/false,a=IDLE,uri=null,age=0}
DEBUG [2021-05-25 02:03:34,548] org.eclipse.jetty.io.ManagedSelector: update org.eclipse.jetty.io.ManagedSelector$$Lambda$319/33866433@59152bb4
DEBUG [2021-05-25 02:03:34,548] org.eclipse.jetty.io.ManagedSelector: update org.eclipse.jetty.io.ChannelEndPoint$$Lambda$313/141899636@52d7d43c
DEBUG [2021-05-25 02:03:34,548] org.eclipse.jetty.io.ChannelEndPoint: task CEP:SocketChannelEndPoint@23747f26{l=/0:0:0:0:0:0:0:1:8080,r=/0:0:0:0:0:0:0:1:59519,OPEN,fill=FI,flush=-,to=0/30000}{io=1/0,kio=1,kro=1}->HttpConnection@eab8a59[p=HttpParser{s=START,0 of -1},g=HttpGenerator@2c5c6ef1{s=START}]=>HttpChannelOverHttp@4aad1eae{s=HttpChannelState@5990abc5{s=IDLE rs=BLOCKING os=OPEN is=IDLE awp=false se=false i=true al=0},r=0,c=false/false,a=IDLE,uri=null,age=0}:runFillable:BLOCKING
DEBUG [2021-05-25 02:03:34,548] org.eclipse.jetty.util.thread.QueuedThreadPool: ran Accept@38097273[java.nio.channels.SocketChannel[connected local=/0:0:0:0:0:0:0:1:8080 remote=/0:0:0:0:0:0:0:1:59520]] in InstrumentedQueuedThreadPool[dw]@287f94b1{STARTED,8<=9<=1024,i=1,r=-1,q=0}[ReservedThreadExecutor@54336c81{s=0/12,p=0}]
DEBUG [2021-05-25 02:03:34,548] org.eclipse.jetty.io.ChannelEndPoint: Key interests updated 0 -> 1 on SocketChannelEndPoint@7d02c098{l=/0:0:0:0:0:0:0:1:8080,r=/0:0:0:0:0:0:0:1:59520,OPEN,fill=FI,flush=-,to=0/30000}{io=1/1,kio=1,kro=0}->HttpConnection@32f82b73[p=HttpParser{s=START,0 of -1},g=HttpGenerator@3809ebf{s=START}]=>HttpChannelOverHttp@73c52148{s=HttpChannelState@77faabe8{s=IDLE rs=BLOCKING os=OPEN is=IDLE awp=false se=false i=true al=0},r=0,c=false/false,a=IDLE,uri=null,age=0}
DEBUG [2021-05-25 02:03:34,548] org.eclipse.jetty.io.ManagedSelector: updates 0
DEBUG [2021-05-25 02:03:34,548] org.eclipse.jetty.io.ManagedSelector: Selector sun.nio.ch.WindowsSelectorImpl@9f025af waiting with 1 keys
DEBUG [2021-05-25 02:03:34,548] org.eclipse.jetty.util.thread.ReservedThreadExecutor: ReservedThreadExecutor@54336c81{s=0/12,p=0} tryExecute EatWhatYouKill@4096aa05/SelectorProducer@9d3c67/PRODUCING/p=false/InstrumentedQueuedThreadPool[dw]@287f94b1{STARTED,8<=9<=1024,i=2,r=-1,q=0}[ReservedThreadExecutor@54336c81{s=0/12,p=0}][pc=0,pic=0,pec=0,epc=0]@2021-05-25T07:33:34.548+05:30
DEBUG [2021-05-25 02:03:34,548] org.eclipse.jetty.util.thread.ReservedThreadExecutor: ReservedThreadExecutor@54336c81{s=0/12,p=1} startReservedThread p=1
DEBUG [2021-05-25 02:03:34,548] org.eclipse.jetty.util.thread.QueuedThreadPool: queue ReservedThreadExecutor@54336c81{s=0/12,p=1}@70ce855e startThread=0
DEBUG [2021-05-25 02:03:34,549] org.eclipse.jetty.util.thread.QueuedThreadPool: run ReservedThreadExecutor@54336c81{s=0/12,p=1}@70ce855e in InstrumentedQueuedThreadPool[dw]@287f94b1{STARTED,8<=9<=1024,i=1,r=-1,q=0}[ReservedThreadExecutor@54336c81{s=0/12,p=1}]
DEBUG [2021-05-25 02:03:34,549] org.eclipse.jetty.util.thread.ReservedThreadExecutor: ReservedThreadExecutor@54336c81{s=1/12,p=1}@70ce855e started
DEBUG [2021-05-25 02:03:34,549] org.eclipse.jetty.util.thread.ReservedThreadExecutor: ReservedThreadExecutor@54336c81{s=1/12,p=0}@70ce855e waiting
DEBUG [2021-05-25 02:03:34,549] org.eclipse.jetty.util.thread.strategy.EatWhatYouKill: EatWhatYouKill@4096aa05/SelectorProducer@9d3c67/PRODUCING/p=false/InstrumentedQueuedThreadPool[dw]@287f94b1{STARTED,8<=9<=1024,i=1,r=-1,q=0}[ReservedThreadExecutor@54336c81{s=0/12,p=1}][pc=0,pic=0,pec=0,epc=0]@2021-05-25T07:33:34.549+05:30 m=PRODUCE_EXECUTE_CONSUME t=CEP:SocketChannelEndPoint@23747f26{l=/0:0:0:0:0:0:0:1:8080,r=/0:0:0:0:0:0:0:1:59519,OPEN,fill=FI,flush=-,to=1/30000}{io=1/0,kio=1,kro=1}->HttpConnection@eab8a59[p=HttpParser{s=START,0 of -1},g=HttpGenerator@2c5c6ef1{s=START}]=>HttpChannelOverHttp@4aad1eae{s=HttpChannelState@5990abc5{s=IDLE rs=BLOCKING os=OPEN is=IDLE awp=false se=false i=true al=0},r=0,c=false/false,a=IDLE,uri=null,age=0}:runFillable:BLOCKING/BLOCKING
DEBUG [2021-05-25 02:03:34,549] org.eclipse.jetty.util.thread.QueuedThreadPool: queue CEP:SocketChannelEndPoint@23747f26{l=/0:0:0:0:0:0:0:1:8080,r=/0:0:0:0:0:0:0:1:59519,OPEN,fill=FI,flush=-,to=1/30000}{io=1/0,kio=1,kro=1}->HttpConnection@eab8a59[p=HttpParser{s=START,0 of -1},g=HttpGenerator@2c5c6ef1{s=START}]=>HttpChannelOverHttp@4aad1eae{s=HttpChannelState@5990abc5{s=IDLE rs=BLOCKING os=OPEN is=IDLE awp=false se=false i=true al=0},r=0,c=false/false,a=IDLE,uri=null,age=0}:runFillable:BLOCKING startThread=0
DEBUG [2021-05-25 02:03:34,549] org.eclipse.jetty.io.ManagedSelector: updateable 0
DEBUG [2021-05-25 02:03:34,549] org.eclipse.jetty.io.ManagedSelector: updates 0
DEBUG [2021-05-25 02:03:34,549] org.eclipse.jetty.util.thread.QueuedThreadPool: run CEP:SocketChannelEndPoint@23747f26{l=/0:0:0:0:0:0:0:1:8080,r=/0:0:0:0:0:0:0:1:59519,OPEN,fill=FI,flush=-,to=1/30000}{io=1/0,kio=1,kro=1}->HttpConnection@eab8a59[p=HttpParser{s=START,0 of -1},g=HttpGenerator@2c5c6ef1{s=START}]=>HttpChannelOverHttp@4aad1eae{s=HttpChannelState@5990abc5{s=IDLE rs=BLOCKING os=OPEN is=IDLE awp=false se=false i=true al=0},r=0,c=false/false,a=IDLE,uri=null,age=0}:runFillable:BLOCKING in InstrumentedQueuedThreadPool[dw]@287f94b1{STARTED,8<=9<=1024,i=0,r=-1,q=0}[ReservedThreadExecutor@54336c81{s=1/12,p=0}]
DEBUG [2021-05-25 02:03:34,549] org.eclipse.jetty.io.ChannelEndPoint: Key interests updated 1 -> 0 on SocketChannelEndPoint@23747f26{l=/0:0:0:0:0:0:0:1:8080,r=/0:0:0:0:0:0:0:1:59519,OPEN,fill=FI,flush=-,to=1/30000}{io=0/0,kio=0,kro=1}->HttpConnection@eab8a59[p=HttpParser{s=START,0 of -1},g=HttpGenerator@2c5c6ef1{s=START}]=>HttpChannelOverHttp@4aad1eae{s=HttpChannelState@5990abc5{s=IDLE rs=BLOCKING os=OPEN is=IDLE awp=false se=false i=true al=0},r=0,c=false/false,a=IDLE,uri=null,age=0}
DEBUG [2021-05-25 02:03:34,549] org.eclipse.jetty.io.FillInterest: fillable FillInterest@704e263c{AC.ReadCB@eab8a59{HttpConnection@eab8a59::SocketChannelEndPoint@23747f26{l=/0:0:0:0:0:0:0:1:8080,r=/0:0:0:0:0:0:0:1:59519,OPEN,fill=FI,flush=-,to=1/30000}{io=0/0,kio=0,kro=1}->HttpConnection@eab8a59[p=HttpParser{s=START,0 of -1},g=HttpGenerator@2c5c6ef1{s=START}]=>HttpChannelOverHttp@4aad1eae{s=HttpChannelState@5990abc5{s=IDLE rs=BLOCKING os=OPEN is=IDLE awp=false se=false i=true al=0},r=0,c=false/false,a=IDLE,uri=null,age=0}}}
DEBUG [2021-05-25 02:03:34,549] org.eclipse.jetty.io.ManagedSelector: Selector sun.nio.ch.WindowsSelectorImpl@7a36ee2e waiting with 1 keys
DEBUG [2021-05-25 02:03:34,549] org.eclipse.jetty.server.HttpConnection: HttpConnection@eab8a59::SocketChannelEndPoint@23747f26{l=/0:0:0:0:0:0:0:1:8080,r=/0:0:0:0:0:0:0:1:59519,OPEN,fill=-,flush=-,to=1/30000}{io=0/0,kio=0,kro=1}->HttpConnection@eab8a59[p=HttpParser{s=START,0 of -1},g=HttpGenerator@2c5c6ef1{s=START}]=>HttpChannelOverHttp@4aad1eae{s=HttpChannelState@5990abc5{s=IDLE rs=BLOCKING os=OPEN is=IDLE awp=false se=false i=true al=0},r=0,c=false/false,a=IDLE,uri=null,age=0} onFillable enter HttpChannelState@5990abc5{s=IDLE rs=BLOCKING os=OPEN is=IDLE awp=false se=false i=true al=0} null
DEBUG [2021-05-25 02:03:34,549] org.eclipse.jetty.io.ChannelEndPoint: filled 668 HeapByteBuffer@79dcd314[p=0,l=668,c=8192,r=668]={<<<GET /api/test-api HTTP/1....age: en-US,en;q=0.9\r\n\r\n>>>\x00\x00\x00\x00\x00\x00\x00\x00\x00...\x00\x00\x00\x00\x00\x00\x00}
DEBUG [2021-05-25 02:03:34,549] org.eclipse.jetty.server.HttpConnection: HttpConnection@eab8a59::SocketChannelEndPoint@23747f26{l=/0:0:0:0:0:0:0:1:8080,r=/0:0:0:0:0:0:0:1:59519,OPEN,fill=-,flush=-,to=0/30000}{io=0/0,kio=0,kro=1}->HttpConnection@eab8a59[p=HttpParser{s=START,0 of -1},g=HttpGenerator@2c5c6ef1{s=START}]=>HttpChannelOverHttp@4aad1eae{s=HttpChannelState@5990abc5{s=IDLE rs=BLOCKING os=OPEN is=IDLE awp=false se=false i=true al=0},r=0,c=false/false,a=IDLE,uri=null,age=0} filled 668 HeapByteBuffer@79dcd314[p=0,l=668,c=8192,r=668]={<<<GET /api/test-api HTTP/1....age: en-US,en;q=0.9\r\n\r\n>>>\x00\x00\x00\x00\x00\x00\x00\x00\x00...\x00\x00\x00\x00\x00\x00\x00}
DEBUG [2021-05-25 02:03:34,549] org.eclipse.jetty.server.HttpConnection: HttpConnection@eab8a59::SocketChannelEndPoint@23747f26{l=/0:0:0:0:0:0:0:1:8080,r=/0:0:0:0:0:0:0:1:59519,OPEN,fill=-,flush=-,to=0/30000}{io=0/0,kio=0,kro=1}->HttpConnection@eab8a59[p=HttpParser{s=START,0 of -1},g=HttpGenerator@2c5c6ef1{s=START}]=>HttpChannelOverHttp@4aad1eae{s=HttpChannelState@5990abc5{s=IDLE rs=BLOCKING os=OPEN is=IDLE awp=false se=false i=true al=0},r=0,c=false/false,a=IDLE,uri=null,age=0} parse HeapByteBuffer@79dcd314[p=0,l=668,c=8192,r=668]={<<<GET /api/test-api HTTP/1....age: en-US,en;q=0.9\r\n\r\n>>>\x00\x00\x00\x00\x00\x00\x00\x00\x00...\x00\x00\x00\x00\x00\x00\x00} {}
DEBUG [2021-05-25 02:03:34,549] org.eclipse.jetty.http.HttpParser: parseNext s=START HeapByteBuffer@79dcd314[p=0,l=668,c=8192,r=668]={<<<GET /api/test-api HTTP/1....age: en-US,en;q=0.9\r\n\r\n>>>\x00\x00\x00\x00\x00\x00\x00\x00\x00...\x00\x00\x00\x00\x00\x00\x00}
DEBUG [2021-05-25 02:03:34,549] org.eclipse.jetty.http.HttpParser: START --> SPACE1
DEBUG [2021-05-25 02:03:34,549] org.eclipse.jetty.http.HttpParser: SPACE1 --> URI
DEBUG [2021-05-25 02:03:34,549] org.eclipse.jetty.http.HttpParser: URI --> SPACE2
DEBUG [2021-05-25 02:03:34,549] org.eclipse.jetty.http.HttpParser: SPACE2 --> REQUEST_VERSION
DEBUG [2021-05-25 02:03:34,549] org.eclipse.jetty.http.HttpParser: REQUEST_VERSION --> HEADER
DEBUG [2021-05-25 02:03:34,549] org.eclipse.jetty.http.HttpParser: HEADER:Host --> VALUE
DEBUG [2021-05-25 02:03:34,549] org.eclipse.jetty.http.HttpParser: HEADER:Host --> IN_VALUE
DEBUG [2021-05-25 02:03:34,549] org.eclipse.jetty.http.HttpParser: HEADER:Host --> FIELD
DEBUG [2021-05-25 02:03:34,549] org.eclipse.jetty.http.HttpParser: HEADER:Connection: keep-alive --> IN_VALUE
DEBUG [2021-05-25 02:03:34,549] org.eclipse.jetty.http.HttpParser: HEADER:Connection: keep-alive --> FIELD
DEBUG [2021-05-25 02:03:34,549] org.eclipse.jetty.http.HttpParser: HEADER:Cache-Control: max-age=0 --> IN_VALUE
DEBUG [2021-05-25 02:03:34,549] org.eclipse.jetty.http.HttpParser: HEADER:Cache-Control: max-age=0 --> FIELD
DEBUG [2021-05-25 02:03:34,549] org.eclipse.jetty.http.HttpParser: HEADER: --> IN_NAME
DEBUG [2021-05-25 02:03:34,549] org.eclipse.jetty.http.HttpParser: HEADER:sec-ch-ua --> VALUE
DEBUG [2021-05-25 02:03:34,549] org.eclipse.jetty.http.HttpParser: HEADER:sec-ch-ua --> IN_VALUE
DEBUG [2021-05-25 02:03:34,549] org.eclipse.jetty.http.HttpParser: HEADER:sec-ch-ua --> FIELD
DEBUG [2021-05-25 02:03:34,549] org.eclipse.jetty.http.HttpParser: HEADER: --> IN_NAME
DEBUG [2021-05-25 02:03:34,549] org.eclipse.jetty.http.HttpParser: HEADER:sec-ch-ua-mobile --> VALUE
DEBUG [2021-05-25 02:03:34,549] org.eclipse.jetty.http.HttpParser: HEADER:sec-ch-ua-mobile --> IN_VALUE
DEBUG [2021-05-25 02:03:34,549] org.eclipse.jetty.http.HttpParser: HEADER:sec-ch-ua-mobile --> FIELD
DEBUG [2021-05-25 02:03:34,549] org.eclipse.jetty.http.HttpParser: HEADER: --> IN_NAME
DEBUG [2021-05-25 02:03:34,549] org.eclipse.jetty.http.HttpParser: HEADER:Upgrade-Insecure-Requests --> VALUE
DEBUG [2021-05-25 02:03:34,549] org.eclipse.jetty.http.HttpParser: HEADER:Upgrade-Insecure-Requests --> IN_VALUE
DEBUG [2021-05-25 02:03:34,549] org.eclipse.jetty.http.HttpParser: HEADER:Upgrade-Insecure-Requests --> FIELD
DEBUG [2021-05-25 02:03:34,549] org.eclipse.jetty.http.HttpParser: HEADER:User-Agent --> VALUE
DEBUG [2021-05-25 02:03:34,549] org.eclipse.jetty.http.HttpParser: HEADER:User-Agent --> IN_VALUE
DEBUG [2021-05-25 02:03:34,549] org.eclipse.jetty.http.HttpParser: HEADER:User-Agent --> FIELD
DEBUG [2021-05-25 02:03:34,549] org.eclipse.jetty.http.HttpParser: HEADER:Accept --> VALUE
DEBUG [2021-05-25 02:03:34,549] org.eclipse.jetty.http.HttpParser: HEADER:Accept --> IN_VALUE
DEBUG [2021-05-25 02:03:34,550] org.eclipse.jetty.http.HttpParser: HEADER:Accept --> FIELD
DEBUG [2021-05-25 02:03:34,550] org.eclipse.jetty.http.HttpParser: HEADER: --> IN_NAME
DEBUG [2021-05-25 02:03:34,550] org.eclipse.jetty.http.HttpParser: HEADER:Sec-Fetch-Site --> VALUE
DEBUG [2021-05-25 02:03:34,550] org.eclipse.jetty.http.HttpParser: HEADER:Sec-Fetch-Site --> IN_VALUE
DEBUG [2021-05-25 02:03:34,550] org.eclipse.jetty.http.HttpParser: HEADER:Sec-Fetch-Site --> FIELD
DEBUG [2021-05-25 02:03:34,550] org.eclipse.jetty.http.HttpParser: HEADER: --> IN_NAME
DEBUG [2021-05-25 02:03:34,550] org.eclipse.jetty.http.HttpParser: HEADER:Sec-Fetch-Mode --> VALUE
DEBUG [2021-05-25 02:03:34,550] org.eclipse.jetty.http.HttpParser: HEADER:Sec-Fetch-Mode --> IN_VALUE
DEBUG [2021-05-25 02:03:34,550] org.eclipse.jetty.http.HttpParser: HEADER:Sec-Fetch-Mode --> FIELD
DEBUG [2021-05-25 02:03:34,550] org.eclipse.jetty.http.HttpParser: HEADER: --> IN_NAME
DEBUG [2021-05-25 02:03:34,550] org.eclipse.jetty.http.HttpParser: HEADER:Sec-Fetch-User --> VALUE
DEBUG [2021-05-25 02:03:34,550] org.eclipse.jetty.http.HttpParser: HEADER:Sec-Fetch-User --> IN_VALUE
DEBUG [2021-05-25 02:03:34,550] org.eclipse.jetty.http.HttpParser: HEADER:Sec-Fetch-User --> FIELD
DEBUG [2021-05-25 02:03:34,550] org.eclipse.jetty.http.HttpParser: HEADER: --> IN_NAME
DEBUG [2021-05-25 02:03:34,550] org.eclipse.jetty.http.HttpParser: HEADER:Sec-Fetch-Dest --> VALUE
DEBUG [2021-05-25 02:03:34,550] org.eclipse.jetty.http.HttpParser: HEADER:Sec-Fetch-Dest --> IN_VALUE
DEBUG [2021-05-25 02:03:34,550] org.eclipse.jetty.http.HttpParser: HEADER:Sec-Fetch-Dest --> FIELD
DEBUG [2021-05-25 02:03:34,550] org.eclipse.jetty.http.HttpParser: HEADER:Accept-Encoding: gzip, deflate, br --> IN_VALUE
DEBUG [2021-05-25 02:03:34,550] org.eclipse.jetty.http.HttpParser: HEADER:Accept-Encoding: gzip, deflate, br --> FIELD
DEBUG [2021-05-25 02:03:34,550] org.eclipse.jetty.http.HttpParser: HEADER:Accept-Language --> VALUE
DEBUG [2021-05-25 02:03:34,550] org.eclipse.jetty.http.HttpParser: HEADER:Accept-Language --> IN_VALUE
DEBUG [2021-05-25 02:03:34,550] org.eclipse.jetty.http.HttpParser: HEADER:Accept-Language --> FIELD
DEBUG [2021-05-25 02:03:34,550] org.eclipse.jetty.http.HttpParser: HEADER --> CONTENT
DEBUG [2021-05-25 02:03:34,550] org.eclipse.jetty.server.HttpChannel: REQUEST for //localhost:8080/api/test-api on HttpChannelOverHttp@4aad1eae{s=HttpChannelState@5990abc5{s=IDLE rs=BLOCKING os=OPEN is=IDLE awp=false se=false i=true al=0},r=1,c=false/false,a=IDLE,uri=//localhost:8080/api/test-api,age=0}
GET //localhost:8080/api/test-api HTTP/1.1
Host: localhost:8080
Connection: keep-alive
Cache-Control: max-age=0
sec-ch-ua: " Not A;Brand";v="99", "Chromium";v="90", "Google Chrome";v="90"
sec-ch-ua-mobile: ?0
Upgrade-Insecure-Requests: 1
User-Agent: Mozilla/5.0 (Windows NT 10.0; Win64; x64) AppleWebKit/537.36 (KHTML, like Gecko) Chrome/90.0.4430.212 Safari/537.36
Accept: text/html,application/xhtml+xml,application/xml;q=0.9,image/avif,image/webp,image/apng,*/*;q=0.8,application/signed-exchange;v=b3;q=0.9
Sec-Fetch-Site: none
Sec-Fetch-Mode: navigate
Sec-Fetch-User: ?1
Sec-Fetch-Dest: document
Accept-Encoding: gzip, deflate, br
Accept-Language: en-US,en;q=0.9


DEBUG [2021-05-25 02:03:34,550] org.eclipse.jetty.server.HttpConnection: HttpConnection@eab8a59::SocketChannelEndPoint@23747f26{l=/0:0:0:0:0:0:0:1:8080,r=/0:0:0:0:0:0:0:1:59519,OPEN,fill=-,flush=-,to=0/30000}{io=0/0,kio=0,kro=1}->HttpConnection@eab8a59[p=HttpParser{s=CONTENT,0 of -1},g=HttpGenerator@2c5c6ef1{s=START}]=>HttpChannelOverHttp@4aad1eae{s=HttpChannelState@5990abc5{s=IDLE rs=BLOCKING os=OPEN is=IDLE awp=false se=false i=true al=0},r=1,c=false/false,a=IDLE,uri=//localhost:8080/api/test-api,age=0} parsed true HttpParser{s=CONTENT,0 of -1}
DEBUG [2021-05-25 02:03:34,550] org.eclipse.jetty.server.HttpConnection: releaseRequestBuffer HttpConnection@eab8a59::SocketChannelEndPoint@23747f26{l=/0:0:0:0:0:0:0:1:8080,r=/0:0:0:0:0:0:0:1:59519,OPEN,fill=-,flush=-,to=0/30000}{io=0/0,kio=0,kro=1}->HttpConnection@eab8a59[p=HttpParser{s=CONTENT,0 of -1},g=HttpGenerator@2c5c6ef1{s=START}]=>HttpChannelOverHttp@4aad1eae{s=HttpChannelState@5990abc5{s=IDLE rs=BLOCKING os=OPEN is=IDLE awp=false se=false i=true al=0},r=1,c=false/false,a=IDLE,uri=//localhost:8080/api/test-api,age=0}
DEBUG [2021-05-25 02:03:34,550] org.eclipse.jetty.server.HttpChannel: handle //localhost:8080/api/test-api HttpChannelOverHttp@4aad1eae{s=HttpChannelState@5990abc5{s=IDLE rs=BLOCKING os=OPEN is=IDLE awp=false se=false i=true al=0},r=1,c=false/false,a=IDLE,uri=//localhost:8080/api/test-api,age=0}
DEBUG [2021-05-25 02:03:34,550] org.eclipse.jetty.server.HttpChannelState: handling HttpChannelState@5990abc5{s=IDLE rs=BLOCKING os=OPEN is=IDLE awp=false se=false i=true al=0}
DEBUG [2021-05-25 02:03:34,550] org.eclipse.jetty.server.HttpChannel: action DISPATCH HttpChannelOverHttp@4aad1eae{s=HttpChannelState@5990abc5{s=HANDLING rs=BLOCKING os=OPEN is=IDLE awp=false se=false i=true al=0},r=1,c=false/false,a=HANDLING,uri=//localhost:8080/api/test-api,age=0}
DEBUG [2021-05-25 02:03:34,550] org.eclipse.jetty.server.Server: REQUEST GET /api/test-api on HttpChannelOverHttp@4aad1eae{s=HttpChannelState@5990abc5{s=HANDLING rs=BLOCKING os=OPEN is=IDLE awp=false se=false i=true al=0},r=1,c=false/false,a=HANDLING,uri=//localhost:8080/api/test-api,age=0}
DEBUG [2021-05-25 02:03:34,550] org.eclipse.jetty.server.handler.gzip.GzipHandler: GzipHandler@2b27cc70{STARTED,min=256,inflate=8192} handle Request(GET //localhost:8080/api/test-api)@22ef0d59 in null
DEBUG [2021-05-25 02:03:34,550] org.eclipse.jetty.server.handler.ContextHandler: scope null||/api/test-api @ i.d.j.MutableServletContextHandler@46f699d5{/,null,AVAILABLE}
DEBUG [2021-05-25 02:03:34,550] org.eclipse.jetty.server.handler.ContextHandler: context=||/api/test-api @ i.d.j.MutableServletContextHandler@46f699d5{/,null,AVAILABLE}
DEBUG [2021-05-25 02:03:34,550] org.eclipse.jetty.servlet.ServletHandler: servlet |/api|/test-api -> jersey==io.dropwizard.jersey.setup.JerseyServletContainer@baa68670{jsp=null,order=-1,inst=true,async=true,src=EMBEDDED:null}
DEBUG [2021-05-25 02:03:34,550] org.eclipse.jetty.servlet.ServletHandler: chain=Chain@2299f02b(io.dropwizard.jersey.filter.AllowedMethodsFilter-702ed190==io.dropwizard.jersey.filter.AllowedMethodsFilter@702ed190{inst=true,async=true,src=EMBEDDED:null})->Chain@4d00b63c(io.dropwizard.servlets.ThreadNameFilter-15bcf458==io.dropwizard.servlets.ThreadNameFilter@15bcf458{inst=true,async=true,src=EMBEDDED:null})->ChainEnd@499bae2e(jersey==io.dropwizard.jersey.setup.JerseyServletContainer@baa68670{jsp=null,order=-1,inst=true,async=true,src=EMBEDDED:null})

//this log line added inside resource class
TRACE [2021-05-25 02:03:34,551] resource.MyResource: name = Optional.empty

DEBUG [2021-05-25 02:03:34,552] org.eclipse.jetty.server.HttpOutput: write(array HeapByteBuffer@251d0add[p=0,l=58,c=8192,r=58]={<<<{"name":"hello stranger",..."Bangalore, KA, India"}>>>\x00\x00\x00\x00\x00\x00\x00\x00\x00...\x00\x00\x00\x00\x00\x00\x00})
DEBUG [2021-05-25 02:03:34,552] org.eclipse.jetty.server.HttpOutput: write(array) s=CLOSING,api=BLOCKED,sc=false,e=null last=true agg=false flush=true async=false, len=58 null
DEBUG [2021-05-25 02:03:34,552] org.eclipse.jetty.server.handler.gzip.GzipHandler: GzipHandler@2b27cc70{STARTED,min=256,inflate=8192} excluded minGzipSize Request(GET //localhost:8080/api/test-api)@22ef0d59
DEBUG [2021-05-25 02:03:34,552] org.eclipse.jetty.server.handler.gzip.GzipHttpOutputInterceptor: org.eclipse.jetty.server.handler.gzip.GzipHttpOutputInterceptor@3a832f12 exclude no deflater
DEBUG [2021-05-25 02:03:34,552] org.eclipse.jetty.server.HttpChannel: sendResponse info=null content=HeapByteBuffer@56996a4a[p=0,l=58,c=8192,r=58]={<<<{"name":"hello stranger",..."Bangalore, KA, India"}>>>\x00\x00\x00\x00\x00\x00\x00\x00\x00...\x00\x00\x00\x00\x00\x00\x00} complete=true committing=true callback=Blocker@cc62005{null}
DEBUG [2021-05-25 02:03:34,552] org.eclipse.jetty.server.HttpChannel: COMMIT for /api/test-api on HttpChannelOverHttp@4aad1eae{s=HttpChannelState@5990abc5{s=HANDLING rs=BLOCKING os=COMMITTED is=IDLE awp=false se=false i=true al=1},r=1,c=false/false,a=HANDLING,uri=//localhost:8080/api/test-api,age=2}
200 OK HTTP/1.1
Date: Tue, 25 May 2021 02:03:34 GMT
Content-Length: 58
Content-Type: application/json
Vary: Accept-Encoding


DEBUG [2021-05-25 02:03:34,552] org.eclipse.jetty.server.HttpConnection: generate: NEED_HEADER for SendCallback@414098a2[PROCESSING][i=HTTP/1.1{s=200,h=4,cl=58},cb=org.eclipse.jetty.server.HttpChannel$SendCallback@6298d427] (null,[p=0,l=58,c=8192,r=58],true)@START
DEBUG [2021-05-25 02:03:34,552] org.eclipse.jetty.http.HttpGenerator: generateHeaders HTTP/1.1{s=200,h=4,cl=58} last=true content=HeapByteBuffer@56996a4a[p=0,l=58,c=8192,r=58]={<<<{"name":"hello stranger",..."Bangalore, KA, India"}>>>\x00\x00\x00\x00\x00\x00\x00\x00\x00...\x00\x00\x00\x00\x00\x00\x00}
DEBUG [2021-05-25 02:03:34,552] org.eclipse.jetty.http.HttpGenerator: Date: Tue, 25 May 2021 02:03:34 GMT
Content-Length: 58
Content-Type: application/json
Vary: Accept-Encoding


DEBUG [2021-05-25 02:03:34,552] org.eclipse.jetty.http.HttpGenerator: CONTENT_LENGTH
DEBUG [2021-05-25 02:03:34,552] org.eclipse.jetty.server.HttpConnection: generate: FLUSH for SendCallback@414098a2[PROCESSING][i=HTTP/1.1{s=200,h=4,cl=58},cb=org.eclipse.jetty.server.HttpChannel$SendCallback@6298d427] ([p=0,l=131,c=8192,r=131],[p=0,l=58,c=8192,r=58],true)@COMPLETING
DEBUG [2021-05-25 02:03:34,552] org.eclipse.jetty.io.WriteFlusher: write: WriteFlusher@7fce2904{IDLE}->null [HeapByteBuffer@79dcd314[p=0,l=131,c=8192,r=131]={<<<HTTP/1.1 200 OK\r\nDate: Tu...\nContent-Length: 58\r\n\r\n>>>", "Chrom...\x00\x00\x00\x00\x00\x00\x00},HeapByteBuffer@56996a4a[p=0,l=58,c=8192,r=58]={<<<{"name":"hello stranger",..."Bangalore, KA, India"}>>>\x00\x00\x00\x00\x00\x00\x00\x00\x00...\x00\x00\x00\x00\x00\x00\x00}]
DEBUG [2021-05-25 02:03:34,552] org.eclipse.jetty.io.WriteFlusher: update WriteFlusher@7fce2904{WRITING}->null:IDLE-->WRITING
DEBUG [2021-05-25 02:03:34,553] org.eclipse.jetty.io.ChannelEndPoint: flushed 189 SocketChannelEndPoint@23747f26{l=/0:0:0:0:0:0:0:1:8080,r=/0:0:0:0:0:0:0:1:59519,OPEN,fill=-,flush=W,to=3/30000}{io=0/0,kio=0,kro=1}->HttpConnection@eab8a59[p=HttpParser{s=CONTENT,0 of -1},g=HttpGenerator@2c5c6ef1{s=COMPLETING}]=>HttpChannelOverHttp@4aad1eae{s=HttpChannelState@5990abc5{s=HANDLING rs=BLOCKING os=COMMITTED is=IDLE awp=false se=false i=true al=1},r=1,c=false/false,a=HANDLING,uri=//localhost:8080/api/test-api,age=3}
DEBUG [2021-05-25 02:03:34,553] org.eclipse.jetty.io.WriteFlusher: Flushed=true written=189 remaining=0 WriteFlusher@7fce2904{WRITING}->null
DEBUG [2021-05-25 02:03:34,553] org.eclipse.jetty.io.WriteFlusher: update WriteFlusher@7fce2904{IDLE}->null:WRITING-->IDLE
DEBUG [2021-05-25 02:03:34,553] org.eclipse.jetty.server.HttpConnection: generate: DONE for SendCallback@414098a2[PROCESSING][i=HTTP/1.1{s=200,h=4,cl=58},cb=org.eclipse.jetty.server.HttpChannel$SendCallback@6298d427] ([p=131,l=131,c=8192,r=0],[p=58,l=58,c=8192,r=0],true)@END
DEBUG [2021-05-25 02:03:34,553] org.eclipse.jetty.server.HttpOutput: onWriteComplete(true,null) s=CLOSING,api=BLOCKED,sc=false,e=null->s=CLOSED,api=BLOCKING,sc=false,e=null c=null cb=null w=false
TRACE [2021-05-25 02:03:34,553] org.glassfish.jersey.inject.hk2.Hk2RequestScope$Instance: [DEBUG] Released scope instance Instance{id=9b64f0a5-76db-4266-9d9c-a68579b96b7a, referenceCounter=0, store size=0} on thread dw-32 - GET /api/test-api
DEBUG [2021-05-25 02:03:34,553] org.eclipse.jetty.server.Server: handled=true async=false committed=true on HttpChannelOverHttp@4aad1eae{s=HttpChannelState@5990abc5{s=HANDLING rs=BLOCKING os=COMPLETED is=IDLE awp=false se=false i=true al=1},r=1,c=false/true,a=HANDLING,uri=//localhost:8080/api/test-api,age=3}
DEBUG [2021-05-25 02:03:34,553] org.eclipse.jetty.server.HttpChannelState: unhandle HttpChannelState@5990abc5{s=HANDLING rs=BLOCKING os=COMPLETED is=IDLE awp=false se=false i=true al=1}
DEBUG [2021-05-25 02:03:34,553] org.eclipse.jetty.server.HttpChannelState: nextAction(false) COMPLETE HttpChannelState@5990abc5{s=HANDLING rs=COMPLETING os=COMPLETED is=IDLE awp=false se=false i=false al=1}
DEBUG [2021-05-25 02:03:34,553] org.eclipse.jetty.server.HttpChannel: action COMPLETE HttpChannelOverHttp@4aad1eae{s=HttpChannelState@5990abc5{s=HANDLING rs=COMPLETING os=COMPLETED is=IDLE awp=false se=false i=false al=1},r=1,c=false/true,a=HANDLING,uri=//localhost:8080/api/test-api,age=3}
DEBUG [2021-05-25 02:03:34,553] org.eclipse.jetty.server.HttpOutput: complete(org.eclipse.jetty.util.Callback$3@42b5f8f0) s=CLOSED,api=BLOCKING,sc=false,e=null s=true e=null, c=null
DEBUG [2021-05-25 02:03:34,553] org.eclipse.jetty.server.HttpChannelState: completed HttpChannelState@5990abc5{s=HANDLING rs=COMPLETING os=COMPLETED is=IDLE awp=false se=false i=false al=1}
DEBUG [2021-05-25 02:03:34,553] org.eclipse.jetty.server.HttpChannelState: unhandle HttpChannelState@5990abc5{s=HANDLING rs=COMPLETED os=COMPLETED is=IDLE awp=false se=false i=false al=1}
DEBUG [2021-05-25 02:03:34,553] org.eclipse.jetty.server.HttpChannelState: nextAction(false) TERMINATED HttpChannelState@5990abc5{s=IDLE rs=COMPLETED os=COMPLETED is=IDLE awp=false se=false i=false al=1}
DEBUG [2021-05-25 02:03:34,553] org.eclipse.jetty.server.HttpChannel: action TERMINATED HttpChannelOverHttp@4aad1eae{s=HttpChannelState@5990abc5{s=IDLE rs=COMPLETED os=COMPLETED is=IDLE awp=false se=false i=false al=1},r=1,c=true/true,a=IDLE,uri=//localhost:8080/api/test-api,age=3}
DEBUG [2021-05-25 02:03:34,553] org.eclipse.jetty.server.HttpChannel: onCompleted for /api/test-api written=58
[0:0:0:0:0:0:0:1] - - [25/May/2021:02:03:34 +0000] "GET /api/test-api HTTP/1.1" 200 58 "-" "Mozilla/5.0 (Windows NT 10.0; Win64; x64) AppleWebKit/537.36 (KHTML, like Gecko) Chrome/90.0.4430.212 Safari/537.36" 3
DEBUG [2021-05-25 02:03:34,554] org.eclipse.jetty.io.ChannelEndPoint: filled 0 HeapByteBuffer@79dcd314[p=0,l=0,c=8192,r=0]={<<<>>>HTTP/1.1 ...\x00\x00\x00\x00\x00\x00\x00}
DEBUG [2021-05-25 02:03:34,554] org.eclipse.jetty.io.ChannelEndPoint: filled 0 HeapByteBuffer@79dcd314[p=0,l=0,c=8192,r=0]={<<<>>>HTTP/1.1 ...\x00\x00\x00\x00\x00\x00\x00}
DEBUG [2021-05-25 02:03:34,554] org.eclipse.jetty.server.HttpConnection: HttpConnection@eab8a59::SocketChannelEndPoint@23747f26{l=/0:0:0:0:0:0:0:1:8080,r=/0:0:0:0:0:0:0:1:59519,OPEN,fill=-,flush=-,to=0/30000}{io=0/0,kio=0,kro=1}->HttpConnection@eab8a59[p=HttpParser{s=CONTENT,0 of -1},g=HttpGenerator@2c5c6ef1{s=END}]=>HttpChannelOverHttp@4aad1eae{s=HttpChannelState@5990abc5{s=IDLE rs=COMPLETED os=COMPLETED is=IDLE awp=false se=false i=false al=1},r=1,c=true/true,a=IDLE,uri=//localhost:8080/api/test-api,age=4} filled 0 HeapByteBuffer@79dcd314[p=0,l=0,c=8192,r=0]={<<<>>>HTTP/1.1 ...\x00\x00\x00\x00\x00\x00\x00}
DEBUG [2021-05-25 02:03:34,554] org.eclipse.jetty.server.HttpConnection: HttpConnection@eab8a59::SocketChannelEndPoint@23747f26{l=/0:0:0:0:0:0:0:1:8080,r=/0:0:0:0:0:0:0:1:59519,OPEN,fill=-,flush=-,to=0/30000}{io=0/0,kio=0,kro=1}->HttpConnection@eab8a59[p=HttpParser{s=CONTENT,0 of -1},g=HttpGenerator@2c5c6ef1{s=END}]=>HttpChannelOverHttp@4aad1eae{s=HttpChannelState@5990abc5{s=IDLE rs=COMPLETED os=COMPLETED is=IDLE awp=false se=false i=false al=1},r=1,c=true/true,a=IDLE,uri=//localhost:8080/api/test-api,age=4} parse HeapByteBuffer@79dcd314[p=0,l=0,c=8192,r=0]={<<<>>>HTTP/1.1 ...\x00\x00\x00\x00\x00\x00\x00} {}
DEBUG [2021-05-25 02:03:34,554] org.eclipse.jetty.http.HttpParser: parseNext s=CONTENT HeapByteBuffer@79dcd314[p=0,l=0,c=8192,r=0]={<<<>>>HTTP/1.1 ...\x00\x00\x00\x00\x00\x00\x00}
DEBUG [2021-05-25 02:03:34,554] org.eclipse.jetty.http.HttpParser: CONTENT --> CONTENT_END
DEBUG [2021-05-25 02:03:34,554] org.eclipse.jetty.server.HttpChannel: onContentComplete HttpChannelOverHttp@4aad1eae{s=HttpChannelState@5990abc5{s=IDLE rs=COMPLETED os=COMPLETED is=IDLE awp=false se=false i=false al=1},r=1,c=true/true,a=IDLE,uri=//localhost:8080/api/test-api,age=4}
DEBUG [2021-05-25 02:03:34,554] org.eclipse.jetty.http.HttpParser: CONTENT_END --> END
DEBUG [2021-05-25 02:03:34,554] org.eclipse.jetty.server.HttpChannel: onRequestComplete HttpChannelOverHttp@4aad1eae{s=HttpChannelState@5990abc5{s=IDLE rs=COMPLETED os=COMPLETED is=IDLE awp=false se=false i=false al=1},r=1,c=true/true,a=IDLE,uri=//localhost:8080/api/test-api,age=4}
DEBUG [2021-05-25 02:03:34,554] org.eclipse.jetty.server.HttpInput: HttpInputOverHTTP@775fd8c[c=0,q=0,[0]=null,s=STREAM] addContent EOF
DEBUG [2021-05-25 02:03:34,554] org.eclipse.jetty.server.HttpConnection: HttpConnection@eab8a59::SocketChannelEndPoint@23747f26{l=/0:0:0:0:0:0:0:1:8080,r=/0:0:0:0:0:0:0:1:59519,OPEN,fill=-,flush=-,to=1/30000}{io=0/0,kio=0,kro=1}->HttpConnection@eab8a59[p=HttpParser{s=END,0 of -1},g=HttpGenerator@2c5c6ef1{s=END}]=>HttpChannelOverHttp@4aad1eae{s=HttpChannelState@5990abc5{s=IDLE rs=COMPLETED os=COMPLETED is=IDLE awp=false se=false i=false al=1},r=1,c=true/true,a=IDLE,uri=//localhost:8080/api/test-api,age=4} parsed false HttpParser{s=END,0 of -1}
DEBUG [2021-05-25 02:03:34,554] org.eclipse.jetty.server.HttpConnection: releaseRequestBuffer HttpConnection@eab8a59::SocketChannelEndPoint@23747f26{l=/0:0:0:0:0:0:0:1:8080,r=/0:0:0:0:0:0:0:1:59519,OPEN,fill=-,flush=-,to=1/30000}{io=0/0,kio=0,kro=1}->HttpConnection@eab8a59[p=HttpParser{s=END,0 of -1},g=HttpGenerator@2c5c6ef1{s=END}]=>HttpChannelOverHttp@4aad1eae{s=HttpChannelState@5990abc5{s=IDLE rs=COMPLETED os=COMPLETED is=IDLE awp=false se=false i=false al=1},r=1,c=true/true,a=IDLE,uri=//localhost:8080/api/test-api,age=4}
DEBUG [2021-05-25 02:03:34,554] org.eclipse.jetty.server.HttpChannelState: recycle HttpChannelState@5990abc5{s=IDLE rs=COMPLETED os=COMPLETED is=IDLE awp=false se=false i=false al=1}
DEBUG [2021-05-25 02:03:34,554] org.eclipse.jetty.http.HttpParser: reset HttpParser{s=END,0 of -1}
DEBUG [2021-05-25 02:03:34,554] org.eclipse.jetty.http.HttpParser: END --> START
DEBUG [2021-05-25 02:03:34,554] org.eclipse.jetty.server.HttpChannel: !handle TERMINATED HttpChannelOverHttp@4aad1eae{s=HttpChannelState@5990abc5{s=IDLE rs=BLOCKING os=OPEN is=IDLE awp=false se=false i=true al=0},r=1,c=false/false,a=IDLE,uri=null,age=0}
DEBUG [2021-05-25 02:03:34,554] org.eclipse.jetty.io.ChannelEndPoint: filled 0 HeapByteBuffer@79dcd314[p=0,l=0,c=8192,r=0]={<<<>>>HTTP/1.1 ...\x00\x00\x00\x00\x00\x00\x00}
DEBUG [2021-05-25 02:03:34,554] org.eclipse.jetty.io.ChannelEndPoint: filled 0 HeapByteBuffer@79dcd314[p=0,l=0,c=8192,r=0]={<<<>>>HTTP/1.1 ...\x00\x00\x00\x00\x00\x00\x00}
DEBUG [2021-05-25 02:03:34,554] org.eclipse.jetty.server.HttpConnection: HttpConnection@eab8a59::SocketChannelEndPoint@23747f26{l=/0:0:0:0:0:0:0:1:8080,r=/0:0:0:0:0:0:0:1:59519,OPEN,fill=-,flush=-,to=1/30000}{io=0/0,kio=0,kro=1}->HttpConnection@eab8a59[p=HttpParser{s=START,0 of -1},g=HttpGenerator@2c5c6ef1{s=START}]=>HttpChannelOverHttp@4aad1eae{s=HttpChannelState@5990abc5{s=IDLE rs=BLOCKING os=OPEN is=IDLE awp=false se=false i=true al=0},r=1,c=false/false,a=IDLE,uri=null,age=0} filled 0 HeapByteBuffer@79dcd314[p=0,l=0,c=8192,r=0]={<<<>>>HTTP/1.1 ...\x00\x00\x00\x00\x00\x00\x00}
DEBUG [2021-05-25 02:03:34,554] org.eclipse.jetty.server.HttpConnection: HttpConnection@eab8a59::SocketChannelEndPoint@23747f26{l=/0:0:0:0:0:0:0:1:8080,r=/0:0:0:0:0:0:0:1:59519,OPEN,fill=-,flush=-,to=1/30000}{io=0/0,kio=0,kro=1}->HttpConnection@eab8a59[p=HttpParser{s=START,0 of -1},g=HttpGenerator@2c5c6ef1{s=START}]=>HttpChannelOverHttp@4aad1eae{s=HttpChannelState@5990abc5{s=IDLE rs=BLOCKING os=OPEN is=IDLE awp=false se=false i=true al=0},r=1,c=false/false,a=IDLE,uri=null,age=0} parse HeapByteBuffer@79dcd314[p=0,l=0,c=8192,r=0]={<<<>>>HTTP/1.1 ...\x00\x00\x00\x00\x00\x00\x00} {}
DEBUG [2021-05-25 02:03:34,554] org.eclipse.jetty.http.HttpParser: parseNext s=START HeapByteBuffer@79dcd314[p=0,l=0,c=8192,r=0]={<<<>>>HTTP/1.1 ...\x00\x00\x00\x00\x00\x00\x00}
DEBUG [2021-05-25 02:03:34,554] org.eclipse.jetty.server.HttpConnection: HttpConnection@eab8a59::SocketChannelEndPoint@23747f26{l=/0:0:0:0:0:0:0:1:8080,r=/0:0:0:0:0:0:0:1:59519,OPEN,fill=-,flush=-,to=1/30000}{io=0/0,kio=0,kro=1}->HttpConnection@eab8a59[p=HttpParser{s=START,0 of -1},g=HttpGenerator@2c5c6ef1{s=START}]=>HttpChannelOverHttp@4aad1eae{s=HttpChannelState@5990abc5{s=IDLE rs=BLOCKING os=OPEN is=IDLE awp=false se=false i=true al=0},r=1,c=false/false,a=IDLE,uri=null,age=0} parsed false HttpParser{s=START,0 of -1}
DEBUG [2021-05-25 02:03:34,554] org.eclipse.jetty.server.HttpConnection: releaseRequestBuffer HttpConnection@eab8a59::SocketChannelEndPoint@23747f26{l=/0:0:0:0:0:0:0:1:8080,r=/0:0:0:0:0:0:0:1:59519,OPEN,fill=-,flush=-,to=1/30000}{io=0/0,kio=0,kro=1}->HttpConnection@eab8a59[p=HttpParser{s=START,0 of -1},g=HttpGenerator@2c5c6ef1{s=START}]=>HttpChannelOverHttp@4aad1eae{s=HttpChannelState@5990abc5{s=IDLE rs=BLOCKING os=OPEN is=IDLE awp=false se=false i=true al=0},r=1,c=false/false,a=IDLE,uri=null,age=0}
DEBUG [2021-05-25 02:03:34,554] org.eclipse.jetty.io.AbstractConnection: fillInterested HttpConnection@eab8a59::SocketChannelEndPoint@23747f26{l=/0:0:0:0:0:0:0:1:8080,r=/0:0:0:0:0:0:0:1:59519,OPEN,fill=-,flush=-,to=1/30000}{io=0/0,kio=0,kro=1}->HttpConnection@eab8a59[p=HttpParser{s=START,0 of -1},g=HttpGenerator@2c5c6ef1{s=START}]=>HttpChannelOverHttp@4aad1eae{s=HttpChannelState@5990abc5{s=IDLE rs=BLOCKING os=OPEN is=IDLE awp=false se=false i=true al=0},r=1,c=false/false,a=IDLE,uri=null,age=0}
DEBUG [2021-05-25 02:03:34,554] org.eclipse.jetty.io.FillInterest: interested FillInterest@704e263c{AC.ReadCB@eab8a59{HttpConnection@eab8a59::SocketChannelEndPoint@23747f26{l=/0:0:0:0:0:0:0:1:8080,r=/0:0:0:0:0:0:0:1:59519,OPEN,fill=FI,flush=-,to=0/30000}{io=0/0,kio=0,kro=1}->HttpConnection@eab8a59[p=HttpParser{s=START,0 of -1},g=HttpGenerator@2c5c6ef1{s=START}]=>HttpChannelOverHttp@4aad1eae{s=HttpChannelState@5990abc5{s=IDLE rs=BLOCKING os=OPEN is=IDLE awp=false se=false i=true al=0},r=1,c=false/false,a=IDLE,uri=null,age=0}}}
DEBUG [2021-05-25 02:03:34,554] org.eclipse.jetty.io.ChannelEndPoint: changeInterests p=false 0->1 for SocketChannelEndPoint@23747f26{l=/0:0:0:0:0:0:0:1:8080,r=/0:0:0:0:0:0:0:1:59519,OPEN,fill=FI,flush=-,to=0/30000}{io=0/1,kio=0,kro=1}->HttpConnection@eab8a59[p=HttpParser{s=START,0 of -1},g=HttpGenerator@2c5c6ef1{s=START}]=>HttpChannelOverHttp@4aad1eae{s=HttpChannelState@5990abc5{s=IDLE rs=BLOCKING os=OPEN is=IDLE awp=false se=false i=true al=0},r=1,c=false/false,a=IDLE,uri=null,age=0}
DEBUG [2021-05-25 02:03:34,554] org.eclipse.jetty.io.ManagedSelector: Queued change lazy=false org.eclipse.jetty.io.ChannelEndPoint$$Lambda$313/141899636@22e5832e on ManagedSelector@6c806c8b{STARTED} id=3 keys=1 selected=0 updates=0
DEBUG [2021-05-25 02:03:34,554] org.eclipse.jetty.io.ManagedSelector: Wakeup on submit ManagedSelector@6c806c8b{STARTED} id=3 keys=1 selected=0 updates=1
DEBUG [2021-05-25 02:03:34,555] org.eclipse.jetty.io.ManagedSelector: Selector sun.nio.ch.WindowsSelectorImpl@7a36ee2e woken with none selected
DEBUG [2021-05-25 02:03:34,555] org.eclipse.jetty.io.ManagedSelector: Selector sun.nio.ch.WindowsSelectorImpl@7a36ee2e woken up from select, 0/0/1 selected
DEBUG [2021-05-25 02:03:34,555] org.eclipse.jetty.io.ManagedSelector: Selector sun.nio.ch.WindowsSelectorImpl@7a36ee2e processing 0 keys, 1 updates
DEBUG [2021-05-25 02:03:34,555] org.eclipse.jetty.io.ManagedSelector: updateable 1
DEBUG [2021-05-25 02:03:34,555] org.eclipse.jetty.server.HttpConnection: HttpConnection@eab8a59::SocketChannelEndPoint@23747f26{l=/0:0:0:0:0:0:0:1:8080,r=/0:0:0:0:0:0:0:1:59519,OPEN,fill=FI,flush=-,to=0/30000}{io=0/1,kio=0,kro=1}->HttpConnection@eab8a59[p=HttpParser{s=START,0 of -1},g=HttpGenerator@2c5c6ef1{s=START}]=>HttpChannelOverHttp@4aad1eae{s=HttpChannelState@5990abc5{s=IDLE rs=BLOCKING os=OPEN is=IDLE awp=false se=false i=true al=0},r=1,c=false/false,a=IDLE,uri=null,age=0} onFillable exit HttpChannelState@5990abc5{s=IDLE rs=BLOCKING os=OPEN is=IDLE awp=false se=false i=true al=0} null
DEBUG [2021-05-25 02:03:34,555] org.eclipse.jetty.io.ManagedSelector: update org.eclipse.jetty.io.ChannelEndPoint$$Lambda$313/141899636@22e5832e
DEBUG [2021-05-25 02:03:34,555] org.eclipse.jetty.util.thread.QueuedThreadPool: ran CEP:SocketChannelEndPoint@23747f26{l=/0:0:0:0:0:0:0:1:8080,r=/0:0:0:0:0:0:0:1:59519,OPEN,fill=FI,flush=-,to=0/30000}{io=1/1,kio=1,kro=1}->HttpConnection@eab8a59[p=HttpParser{s=START,0 of -1},g=HttpGenerator@2c5c6ef1{s=START}]=>HttpChannelOverHttp@4aad1eae{s=HttpChannelState@5990abc5{s=IDLE rs=BLOCKING os=OPEN is=IDLE awp=false se=false i=true al=0},r=1,c=false/false,a=IDLE,uri=null,age=0}:runFillable:BLOCKING in InstrumentedQueuedThreadPool[dw]@287f94b1{STARTED,8<=9<=1024,i=0,r=-1,q=0}[ReservedThreadExecutor@54336c81{s=1/12,p=0}]
DEBUG [2021-05-25 02:03:34,555] org.eclipse.jetty.io.ChannelEndPoint: Key interests updated 0 -> 1 on SocketChannelEndPoint@23747f26{l=/0:0:0:0:0:0:0:1:8080,r=/0:0:0:0:0:0:0:1:59519,OPEN,fill=FI,flush=-,to=0/30000}{io=1/1,kio=1,kro=1}->HttpConnection@eab8a59[p=HttpParser{s=START,0 of -1},g=HttpGenerator@2c5c6ef1{s=START}]=>HttpChannelOverHttp@4aad1eae{s=HttpChannelState@5990abc5{s=IDLE rs=BLOCKING os=OPEN is=IDLE awp=false se=false i=true al=0},r=1,c=false/false,a=IDLE,uri=null,age=0}
DEBUG [2021-05-25 02:03:34,555] org.eclipse.jetty.io.ManagedSelector: updates 0
DEBUG [2021-05-25 02:03:34,555] org.eclipse.jetty.io.ManagedSelector: Selector sun.nio.ch.WindowsSelectorImpl@7a36ee2e waiting with 1 keys
