2021-04-22 20:14:21.276  INFO 21704 --- [main] io.hari.demo.DemoApplication             : Starting DemoApplication using Java 1.8.0_281 on INWPF2JBDK6-AAD with PID 21704 (C:\g_hari\java-spring-boot-2021\demo_app_flipkart\target\classes started by hayadav in C:\g_hari\java-spring-boot-2021\demo_app_flipkart)
2021-04-22 20:14:21.276  INFO 21704 --- [main] io.hari.demo.DemoApplication             : The following profiles are active: dev
2021-04-22 20:14:22.025  INFO 21704 --- [main] .s.d.r.c.RepositoryConfigurationDelegate : Bootstrapping Spring Data JPA repositories in DEFAULT mode.
2021-04-22 20:14:22.049  INFO 21704 --- [main] .s.d.r.c.RepositoryConfigurationDelegate : Finished Spring Data repository scanning in 6 ms. Found 0 JPA repository interfaces.
2021-04-22 20:14:23.004  INFO 21704 --- [main] o.s.b.w.embedded.tomcat.TomcatWebServer  : Tomcat initialized with port(s): 8080 (http)
2021-04-22 20:14:23.019  INFO 21704 --- [main] o.apache.catalina.core.StandardService   : Starting service [Tomcat]
2021-04-22 20:14:23.026  INFO 21704 --- [main] org.apache.catalina.core.StandardEngine  : Starting Servlet engine: [Apache Tomcat/9.0.43]
2021-04-22 20:14:23.157  INFO 21704 --- [main] o.a.c.c.C.[Tomcat].[localhost].[/]       : Initializing Spring embedded WebApplicationContext
2021-04-22 20:14:23.157  INFO 21704 --- [main] w.s.c.ServletWebServerApplicationContext : Root WebApplicationContext: initialization completed in 1830 ms
2021-04-22 20:14:23.242  INFO 21704 --- [main] com.zaxxer.hikari.HikariDataSource       : HikariPool-1 - Starting...
2021-04-22 20:14:23.490  INFO 21704 --- [main] com.zaxxer.hikari.HikariDataSource       : HikariPool-1 - Start completed.
2021-04-22 20:14:23.498  INFO 21704 --- [main] o.s.b.a.h2.H2ConsoleAutoConfiguration    : H2 console available at '/h2-console'. Database available at 'jdbc:h2:mem:h2db'
2021-04-22 20:14:23.682  INFO 21704 --- [main] o.hibernate.jpa.internal.util.LogHelper  : HHH000204: Processing PersistenceUnitInfo [name: default]
2021-04-22 20:14:23.753  INFO 21704 --- [main] org.hibernate.Version                    : HHH000412: Hibernate ORM core version 5.4.28.Final
2021-04-22 20:14:23.933  INFO 21704 --- [main] o.hibernate.annotations.common.Version   : HCANN000001: Hibernate Commons Annotations {5.1.2.Final}
2021-04-22 20:14:24.077  INFO 21704 --- [main] org.hibernate.dialect.Dialect            : HHH000400: Using dialect: org.hibernate.dialect.H2Dialect
2021-04-22 20:14:24.318  INFO 21704 --- [main] o.h.e.t.j.p.i.JtaPlatformInitiator       : HHH000490: Using JtaPlatform implementation: [org.hibernate.engine.transaction.jta.platform.internal.NoJtaPlatform]
2021-04-22 20:14:24.318  INFO 21704 --- [main] j.LocalContainerEntityManagerFactoryBean : Initialized JPA EntityManagerFactory for persistence unit 'default'
2021-04-22 20:14:24.403  WARN 21704 --- [main] JpaBaseConfiguration$JpaWebConfiguration : spring.jpa.open-in-view is enabled by default. Therefore, database queries may be performed during view rendering. Explicitly configure spring.jpa.open-in-view to disable this warning
2021-04-22 20:14:24.812  INFO 21704 --- [main] o.s.s.concurrent.ThreadPoolTaskExecutor  : Initializing ExecutorService 'applicationTaskExecutor'
2021-04-22 20:14:25.260  INFO 21704 --- [main] org.quartz.impl.StdSchedulerFactory      : Using default implementation for ThreadExecutor
2021-04-22 20:14:25.278  INFO 21704 --- [main] org.quartz.core.SchedulerSignalerImpl    : Initialized Scheduler Signaller of type: class org.quartz.core.SchedulerSignalerImpl
2021-04-22 20:14:25.278  INFO 21704 --- [main] org.quartz.core.QuartzScheduler          : Quartz Scheduler v.2.3.2 created.
2021-04-22 20:14:25.280  INFO 21704 --- [main] org.quartz.simpl.RAMJobStore             : RAMJobStore initialized.
2021-04-22 20:14:25.280  INFO 21704 --- [main] org.quartz.core.QuartzScheduler          : Scheduler meta-data: Quartz Scheduler (v2.3.2) 'quartzScheduler' with instanceId 'NON_CLUSTERED'
  Scheduler class: 'org.quartz.core.QuartzScheduler' - running locally.
  NOT STARTED.
  Currently in standby mode.
  Number of jobs executed: 0
  Using thread pool 'org.quartz.simpl.SimpleThreadPool' - with 10 threads.
  Using job-store 'org.quartz.simpl.RAMJobStore' - which does not support persistence. and is not clustered.

2021-04-22 20:14:25.280  INFO 21704 --- [main] org.quartz.impl.StdSchedulerFactory      : Quartz scheduler 'quartzScheduler' initialized from an externally provided properties instance.
2021-04-22 20:14:25.280  INFO 21704 --- [main] org.quartz.impl.StdSchedulerFactory      : Quartz scheduler version: 2.3.2
2021-04-22 20:14:25.280  INFO 21704 --- [main] org.quartz.core.QuartzScheduler          : JobFactory set to: org.springframework.scheduling.quartz.SpringBeanJobFactory@37b01ce2
2021-04-22 20:14:25.329  INFO 21704 --- [main] o.s.b.w.embedded.tomcat.TomcatWebServer  : Tomcat started on port(s): 8080 (http) with context path ''
2021-04-22 20:14:25.329  INFO 21704 --- [main] o.s.s.quartz.SchedulerFactoryBean        : Starting Quartz Scheduler now
2021-04-22 20:14:25.329  INFO 21704 --- [main] org.quartz.core.QuartzScheduler          : Scheduler quartzScheduler_$_NON_CLUSTERED started.
2021-04-22 20:14:25.341  INFO 21704 --- [main] io.hari.demo.DemoApplication             : Started DemoApplication in 4.598 seconds (JVM running for 5.624)
