2021-04-11 21:07:07.991  INFO 10836 --- [main] io.hari.demo.DemoApplication             : Starting DemoApplication using Java 1.8.0_281 on MSI with PID 10836 (C:\java-spring-boot-2021\uber_ola_lld\target\classes started by Hariom Yadav in C:\java-spring-boot-2021\uber_ola_lld)
2021-04-11 21:07:07.997  INFO 10836 --- [main] io.hari.demo.DemoApplication             : The following profiles are active: prod
2021-04-11 21:07:09.015  INFO 10836 --- [main] .s.d.r.c.RepositoryConfigurationDelegate : Bootstrapping Spring Data JPA repositories in DEFAULT mode.
2021-04-11 21:07:09.083  INFO 10836 --- [main] .s.d.r.c.RepositoryConfigurationDelegate : Finished Spring Data repository scanning in 58 ms. Found 4 JPA repository interfaces.
2021-04-11 21:07:09.658  INFO 10836 --- [main] o.s.b.w.embedded.tomcat.TomcatWebServer  : Tomcat initialized with port(s): 8080 (http)
2021-04-11 21:07:09.665  INFO 10836 --- [main] o.apache.catalina.core.StandardService   : Starting service [Tomcat]
2021-04-11 21:07:09.665  INFO 10836 --- [main] org.apache.catalina.core.StandardEngine  : Starting Servlet engine: [Apache Tomcat/9.0.43]
2021-04-11 21:07:09.737  INFO 10836 --- [main] o.a.c.c.C.[Tomcat].[localhost].[/]       : Initializing Spring embedded WebApplicationContext
2021-04-11 21:07:09.737  INFO 10836 --- [main] w.s.c.ServletWebServerApplicationContext : Root WebApplicationContext: initialization completed in 1686 ms
2021-04-11 21:07:09.886  INFO 10836 --- [main] o.hibernate.jpa.internal.util.LogHelper  : HHH000204: Processing PersistenceUnitInfo [name: default]
2021-04-11 21:07:09.931  INFO 10836 --- [main] org.hibernate.Version                    : HHH000412: Hibernate ORM core version 5.4.28.Final
2021-04-11 21:07:10.094  INFO 10836 --- [main] o.hibernate.annotations.common.Version   : HCANN000001: Hibernate Commons Annotations {5.1.2.Final}
2021-04-11 21:07:10.196  INFO 10836 --- [main] com.zaxxer.hikari.HikariDataSource       : HikariPool-1 - Starting...
2021-04-11 21:07:10.786  INFO 10836 --- [main] com.zaxxer.hikari.HikariDataSource       : HikariPool-1 - Start completed.
2021-04-11 21:07:10.800  INFO 10836 --- [main] org.hibernate.dialect.Dialect            : HHH000400: Using dialect: org.hibernate.dialect.MySQL5Dialect
2021-04-11 21:07:10.972  WARN 10836 --- [main] o.h.t.d.java.JavaTypeDescriptorRegistry  : HHH000481: Encountered Java type [class io.hari.demo.entity.Location] for which we could not locate a JavaTypeDescriptor and which does not appear to implement equals and/or hashCode.  This can lead to significant performance problems when performing equality/dirty checking involving this Java type.  Consider registering a custom JavaTypeDescriptor or at least implementing equals/hashCode.
2021-04-11 21:07:10.976  WARN 10836 --- [main] o.h.t.d.java.JavaTypeDescriptorRegistry  : HHH000481: Encountered Java type [class io.hari.demo.entity.Location] for which we could not locate a JavaTypeDescriptor and which does not appear to implement equals and/or hashCode.  This can lead to significant performance problems when performing equality/dirty checking involving this Java type.  Consider registering a custom JavaTypeDescriptor or at least implementing equals/hashCode.
2021-04-11 21:07:10.976  WARN 10836 --- [main] o.h.t.d.java.JavaTypeDescriptorRegistry  : HHH000481: Encountered Java type [class io.hari.demo.entity.Location] for which we could not locate a JavaTypeDescriptor and which does not appear to implement equals and/or hashCode.  This can lead to significant performance problems when performing equality/dirty checking involving this Java type.  Consider registering a custom JavaTypeDescriptor or at least implementing equals/hashCode.
2021-04-11 21:07:10.977  WARN 10836 --- [main] o.h.t.d.java.JavaTypeDescriptorRegistry  : HHH000481: Encountered Java type [class io.hari.demo.entity.Location] for which we could not locate a JavaTypeDescriptor and which does not appear to implement equals and/or hashCode.  This can lead to significant performance problems when performing equality/dirty checking involving this Java type.  Consider registering a custom JavaTypeDescriptor or at least implementing equals/hashCode.
2021-04-11 21:07:11.485  INFO 10836 --- [main] o.h.e.t.j.p.i.JtaPlatformInitiator       : HHH000490: Using JtaPlatform implementation: [org.hibernate.engine.transaction.jta.platform.internal.NoJtaPlatform]
2021-04-11 21:07:11.504  INFO 10836 --- [main] j.LocalContainerEntityManagerFactoryBean : Initialized JPA EntityManagerFactory for persistence unit 'default'
2021-04-11 21:07:11.933  WARN 10836 --- [main] JpaBaseConfiguration$JpaWebConfiguration : spring.jpa.open-in-view is enabled by default. Therefore, database queries may be performed during view rendering. Explicitly configure spring.jpa.open-in-view to disable this warning
2021-04-11 21:07:12.209  INFO 10836 --- [main] o.s.s.concurrent.ThreadPoolTaskExecutor  : Initializing ExecutorService 'applicationTaskExecutor'
2021-04-11 21:07:12.651  INFO 10836 --- [main] org.quartz.impl.StdSchedulerFactory      : Using default implementation for ThreadExecutor
2021-04-11 21:07:12.661  INFO 10836 --- [main] org.quartz.core.SchedulerSignalerImpl    : Initialized Scheduler Signaller of type: class org.quartz.core.SchedulerSignalerImpl
2021-04-11 21:07:12.661  INFO 10836 --- [main] org.quartz.core.QuartzScheduler          : Quartz Scheduler v.2.3.2 created.
2021-04-11 21:07:12.662  INFO 10836 --- [main] org.quartz.simpl.RAMJobStore             : RAMJobStore initialized.
2021-04-11 21:07:12.663  INFO 10836 --- [main] org.quartz.core.QuartzScheduler          : Scheduler meta-data: Quartz Scheduler (v2.3.2) 'quartzScheduler' with instanceId 'NON_CLUSTERED'
  Scheduler class: 'org.quartz.core.QuartzScheduler' - running locally.
  NOT STARTED.
  Currently in standby mode.
  Number of jobs executed: 0
  Using thread pool 'org.quartz.simpl.SimpleThreadPool' - with 10 threads.
  Using job-store 'org.quartz.simpl.RAMJobStore' - which does not support persistence. and is not clustered.

2021-04-11 21:07:12.663  INFO 10836 --- [main] org.quartz.impl.StdSchedulerFactory      : Quartz scheduler 'quartzScheduler' initialized from an externally provided properties instance.
2021-04-11 21:07:12.663  INFO 10836 --- [main] org.quartz.impl.StdSchedulerFactory      : Quartz scheduler version: 2.3.2
2021-04-11 21:07:12.663  INFO 10836 --- [main] org.quartz.core.QuartzScheduler          : JobFactory set to: org.springframework.scheduling.quartz.SpringBeanJobFactory@23c05889
2021-04-11 21:07:12.706  INFO 10836 --- [main] o.s.b.w.embedded.tomcat.TomcatWebServer  : Tomcat started on port(s): 8080 (http) with context path ''
2021-04-11 21:07:12.707  INFO 10836 --- [main] o.s.s.quartz.SchedulerFactoryBean        : Starting Quartz Scheduler now
2021-04-11 21:07:12.707  INFO 10836 --- [main] org.quartz.core.QuartzScheduler          : Scheduler quartzScheduler_$_NON_CLUSTERED started.
2021-04-11 21:07:12.713  INFO 10836 --- [main] io.hari.demo.DemoApplication             : Started DemoApplication in 5.119 seconds (JVM running for 5.789)
